  源.cpp
w:\vs2013程序项目工程文件夹\c++语法\剑指offer\算法篇3\源.cpp(86): warning C4018: “<”: 有符号/无符号不匹配
w:\vs2013程序项目工程文件夹\c++语法\剑指offer\算法篇3\源.cpp(99): warning C4018: “<=”: 有符号/无符号不匹配
w:\vs2013程序项目工程文件夹\c++语法\剑指offer\算法篇3\源.cpp(102): warning C4018: “<”: 有符号/无符号不匹配
w:\vs2013程序项目工程文件夹\c++语法\剑指offer\算法篇3\源.cpp(121): warning C4018: “<”: 有符号/无符号不匹配
w:\vs2013程序项目工程文件夹\c++语法\剑指offer\算法篇3\源.cpp(123): warning C4018: “<”: 有符号/无符号不匹配
w:\vs2013程序项目工程文件夹\c++语法\剑指offer\算法篇3\源.cpp(138): warning C4018: “<=”: 有符号/无符号不匹配
w:\vs2013程序项目工程文件夹\c++语法\剑指offer\算法篇3\源.cpp(141): warning C4018: “<”: 有符号/无符号不匹配
w:\vs2013程序项目工程文件夹\c++语法\剑指offer\算法篇3\源.cpp(180): warning C4018: “<”: 有符号/无符号不匹配
w:\vs2013程序项目工程文件夹\c++语法\剑指offer\算法篇3\源.cpp(182): warning C4018: “>”: 有符号/无符号不匹配
w:\vs2013程序项目工程文件夹\c++语法\剑指offer\算法篇3\源.cpp(214): warning C4018: “<”: 有符号/无符号不匹配
w:\vs2013程序项目工程文件夹\c++语法\剑指offer\算法篇3\源.cpp(349): warning C4018: “<”: 有符号/无符号不匹配
w:\vs2013程序项目工程文件夹\c++语法\剑指offer\算法篇3\源.cpp(372): warning C4018: “<”: 有符号/无符号不匹配
w:\vs2013程序项目工程文件夹\c++语法\剑指offer\算法篇3\源.cpp(375): warning C4018: “<”: 有符号/无符号不匹配
w:\vs2013程序项目工程文件夹\c++语法\剑指offer\算法篇3\源.cpp(422): warning C4018: “<”: 有符号/无符号不匹配
w:\vs2013程序项目工程文件夹\c++语法\剑指offer\算法篇3\源.cpp(424): warning C4554: “&”: 检查运算符优先级可能存在的错误；使用圆括号阐明优先级
w:\vs2013程序项目工程文件夹\c++语法\剑指offer\算法篇3\源.cpp(450): warning C4554: “&”: 检查运算符优先级可能存在的错误；使用圆括号阐明优先级
w:\vs2013程序项目工程文件夹\c++语法\剑指offer\算法篇3\源.cpp(482): warning C4018: “<”: 有符号/无符号不匹配
  算法篇3.vcxproj -> W:\VS2013程序项目工程文件夹\C++语法\剑指Offer\Debug\算法篇3.exe
  算法篇3.vcxproj -> W:\VS2013程序项目工程文件夹\C++语法\剑指Offer\Debug\算法篇3.pdb (Full PDB)
