  源.cpp
w:\vs2013程序项目工程文件夹\c++语法\剑指offer\算法篇\sort.h(13): warning C4018: “<”: 有符号/无符号不匹配
w:\vs2013程序项目工程文件夹\c++语法\剑指offer\算法篇\sort.h(16): warning C4018: “<”: 有符号/无符号不匹配
w:\vs2013程序项目工程文件夹\c++语法\剑指offer\算法篇\sort.h(28): warning C4018: “<”: 有符号/无符号不匹配
w:\vs2013程序项目工程文件夹\c++语法\剑指offer\算法篇\sort.h(39): warning C4018: “<”: 有符号/无符号不匹配
w:\vs2013程序项目工程文件夹\c++语法\剑指offer\算法篇\sort.h(41): warning C4018: “<”: 有符号/无符号不匹配
w:\vs2013程序项目工程文件夹\c++语法\剑指offer\算法篇\sort.h(52): warning C4018: “<”: 有符号/无符号不匹配
w:\vs2013程序项目工程文件夹\c++语法\剑指offer\算法篇\sort.h(64): warning C4018: “<”: 有符号/无符号不匹配
w:\vs2013程序项目工程文件夹\c++语法\剑指offer\算法篇\sort.h(74): warning C4018: “<”: 有符号/无符号不匹配
w:\vs2013程序项目工程文件夹\c++语法\剑指offer\算法篇\sort.h(116): warning C4018: “<”: 有符号/无符号不匹配
w:\vs2013程序项目工程文件夹\c++语法\剑指offer\算法篇\sort.h(119): warning C4018: “<”: 有符号/无符号不匹配
w:\vs2013程序项目工程文件夹\c++语法\剑指offer\算法篇\sort.h(130): warning C4018: “<”: 有符号/无符号不匹配
w:\vs2013程序项目工程文件夹\c++语法\剑指offer\算法篇\sort.h(167): warning C4018: “<”: 有符号/无符号不匹配
w:\vs2013程序项目工程文件夹\c++语法\剑指offer\算法篇\sort.h(199): warning C4018: “<”: 有符号/无符号不匹配
w:\vs2013程序项目工程文件夹\c++语法\剑指offer\算法篇\sort.h(205): warning C4018: “<”: 有符号/无符号不匹配
w:\vs2013程序项目工程文件夹\c++语法\剑指offer\算法篇\sort.h(224): warning C4018: “<”: 有符号/无符号不匹配
w:\vs2013程序项目工程文件夹\c++语法\剑指offer\算法篇\sort.h(233): warning C4018: “<”: 有符号/无符号不匹配
w:\vs2013程序项目工程文件夹\c++语法\剑指offer\算法篇\sort.h(238): warning C4018: “<”: 有符号/无符号不匹配
w:\vs2013程序项目工程文件夹\c++语法\剑指offer\算法篇\sort.h(243): warning C4018: “<”: 有符号/无符号不匹配
w:\vs2013程序项目工程文件夹\c++语法\剑指offer\算法篇\sort.h(266): warning C4018: “<”: 有符号/无符号不匹配
w:\vs2013程序项目工程文件夹\c++语法\剑指offer\算法篇\sort.h(280): warning C4018: “<”: 有符号/无符号不匹配
w:\vs2013程序项目工程文件夹\c++语法\剑指offer\算法篇\sort.h(289): warning C4018: “<”: 有符号/无符号不匹配
w:\vs2013程序项目工程文件夹\c++语法\剑指offer\算法篇\源.cpp(43): warning C4018: “<”: 有符号/无符号不匹配
w:\vs2013程序项目工程文件夹\c++语法\剑指offer\算法篇\源.cpp(55): warning C4018: “>=”: 有符号/无符号不匹配
w:\vs2013程序项目工程文件夹\c++语法\剑指offer\算法篇\源.cpp(56): warning C4018: “>=”: 有符号/无符号不匹配
w:\vs2013程序项目工程文件夹\c++语法\剑指offer\算法篇\源.cpp(308): warning C4554: “&”: 检查运算符优先级可能存在的错误；使用圆括号阐明优先级
w:\vs2013程序项目工程文件夹\c++语法\剑指offer\算法篇\源.cpp(373): warning C4554: “&”: 检查运算符优先级可能存在的错误；使用圆括号阐明优先级
w:\vs2013程序项目工程文件夹\c++语法\剑指offer\算法篇\源.cpp(462): warning C4018: “<”: 有符号/无符号不匹配
w:\vs2013程序项目工程文件夹\c++语法\剑指offer\算法篇\源.cpp(471): warning C4018: “<”: 有符号/无符号不匹配
w:\vs2013程序项目工程文件夹\c++语法\剑指offer\算法篇\源.cpp(538): warning C4018: “>=”: 有符号/无符号不匹配
w:\vs2013程序项目工程文件夹\c++语法\剑指offer\算法篇\源.cpp(542): warning C4018: “<”: 有符号/无符号不匹配
w:\vs2013程序项目工程文件夹\c++语法\剑指offer\算法篇\源.cpp(544): warning C4018: “<”: 有符号/无符号不匹配
w:\vs2013程序项目工程文件夹\c++语法\剑指offer\算法篇\源.cpp(547): warning C4018: “<”: 有符号/无符号不匹配
w:\vs2013程序项目工程文件夹\c++语法\剑指offer\算法篇\源.cpp(552): warning C4018: “<”: 有符号/无符号不匹配
w:\vs2013程序项目工程文件夹\c++语法\剑指offer\算法篇\源.cpp(648): warning C4554: “&”: 检查运算符优先级可能存在的错误；使用圆括号阐明优先级
w:\vs2013程序项目工程文件夹\c++语法\剑指offer\算法篇\datastruct.h(29): warning C4018: “<”: 有符号/无符号不匹配
  w:\vs2013程序项目工程文件夹\c++语法\剑指offer\算法篇\源.cpp(720): note: 参见对正在编译的函数 模板 实例化“void CreateSingleList<int>(std::vector<int,std::allocator<_Ty>> &,SingleListNode<int> *&)”的引用
          with
          [
              _Ty=int
          ]
  算法篇.vcxproj -> W:\VS2013程序项目工程文件夹\C++语法\剑指Offer\Debug\算法篇.exe
  算法篇.vcxproj -> W:\VS2013程序项目工程文件夹\C++语法\剑指Offer\Debug\算法篇.pdb (Full PDB)
